[ 2017-05-20T23:50:38+08:00 ] 127.0.0.1 /PersonnelMS/admin.php/Login/index
INFO: [ app_init ] --START--
INFO: Run Behavior\BuildLiteBehavior [ RunTime:0.000018s ]
INFO: [ app_init ] --END-- [ RunTime:0.000566s ]
INFO: [ app_begin ] --START--
INFO: Run Behavior\ReadHtmlCacheBehavior [ RunTime:0.000535s ]
INFO: [ app_begin ] --END-- [ RunTime:0.000584s ]
INFO: [ view_parse ] --START--
INFO: [ template_filter ] --START--
INFO: Run Behavior\ContentReplaceBehavior [ RunTime:0.000086s ]
INFO: [ template_filter ] --END-- [ RunTime:0.000159s ]
INFO: Run Behavior\ParseTemplateBehavior [ RunTime:0.014164s ]
INFO: [ view_parse ] --END-- [ RunTime:0.014232s ]
INFO: [ view_filter ] --START--
INFO: Run Behavior\WriteHtmlCacheBehavior [ RunTime:0.000406s ]
INFO: [ view_filter ] --END-- [ RunTime:0.000448s ]
INFO: [ app_end ] --START--
INFO: Run Behavior\ShowPageTraceBehavior [ RunTime:0.000880s ]
INFO: [ app_end ] --END-- [ RunTime:0.000933s ]

[ 2017-05-20T23:50:38+08:00 ] 127.0.0.1 /PersonnelMS/admin.php?m=Admin&c=login&a=verify
INFO: [ app_init ] --START--
INFO: Run Behavior\BuildLiteBehavior [ RunTime:0.000013s ]
INFO: [ app_init ] --END-- [ RunTime:0.000377s ]
INFO: [ app_begin ] --START--
INFO: Run Behavior\ReadHtmlCacheBehavior [ RunTime:0.000452s ]
INFO: [ app_begin ] --END-- [ RunTime:0.000503s ]
INFO: [ app_end ] --START--
INFO: Run Behavior\ShowPageTraceBehavior [ RunTime:0.000910s ]
INFO: [ app_end ] --END-- [ RunTime:0.001022s ]

[ 2017-05-20T23:50:55+08:00 ] 127.0.0.1 /PersonnelMS/admin.php?m=Admin&c=login&a=login
INFO: [ app_init ] --START--
INFO: Run Behavior\BuildLiteBehavior [ RunTime:0.000010s ]
INFO: [ app_init ] --END-- [ RunTime:0.000334s ]
INFO: [ app_begin ] --START--
INFO: Run Behavior\ReadHtmlCacheBehavior [ RunTime:0.000353s ]
INFO: [ app_begin ] --END-- [ RunTime:0.000400s ]
SQL: SELECT * FROM `manager` WHERE ( username = 'admin' and password= 'admin' ) LIMIT 1   [ RunTime:0.2406s ]
SQL: UPDATE `manager` SET `update_at`='1495295455',`login_ip`='127.0.0.1' WHERE `id` = 1 [ RunTime:0.1716s ]

[ 2017-05-20T23:50:56+08:00 ] 127.0.0.1 /PersonnelMS/admin.php?m=Admin&c=login&a=login
INFO: [ app_init ] --START--
INFO: Run Behavior\BuildLiteBehavior [ RunTime:0.000009s ]
INFO: [ app_init ] --END-- [ RunTime:0.000315s ]
INFO: [ app_begin ] --START--
INFO: Run Behavior\ReadHtmlCacheBehavior [ RunTime:0.000425s ]
INFO: [ app_begin ] --END-- [ RunTime:0.000468s ]
SQL: SELECT * FROM `manager` WHERE ( username = 'admin' and password= 'admin' ) LIMIT 1   [ RunTime:0.0009s ]
SQL: UPDATE `manager` SET `update_at`='1495295456',`login_ip`='127.0.0.1' WHERE `id` = 1 [ RunTime:0.0416s ]

[ 2017-05-20T23:50:56+08:00 ] 127.0.0.1 /PersonnelMS/admin.php?m=Admin&c=Login&a=%E7%99%BB%E9%99%86%E6%88%90%E5%8A%9F&%2FPersonnelMS%2Fadmin_php%3Fm=Admin&c=Index&a=index
INFO: [ app_init ] --START--
INFO: Run Behavior\BuildLiteBehavior [ RunTime:0.000020s ]
INFO: [ app_init ] --END-- [ RunTime:0.000743s ]
INFO: [ app_begin ] --START--
INFO: Run Behavior\ReadHtmlCacheBehavior [ RunTime:0.000828s ]
INFO: [ app_begin ] --END-- [ RunTime:0.000915s ]
INFO: [ view_parse ] --START--
INFO: [ template_filter ] --START--
INFO: Run Behavior\ContentReplaceBehavior [ RunTime:0.000204s ]
INFO: [ template_filter ] --END-- [ RunTime:0.000318s ]
INFO: Run Behavior\ParseTemplateBehavior [ RunTime:0.068795s ]
INFO: [ view_parse ] --END-- [ RunTime:0.068973s ]
INFO: [ view_filter ] --START--
INFO: Run Behavior\WriteHtmlCacheBehavior [ RunTime:0.000656s ]
INFO: [ view_filter ] --END-- [ RunTime:0.000740s ]
INFO: [ app_end ] --START--
INFO: Run Behavior\ShowPageTraceBehavior [ RunTime:0.000985s ]
INFO: [ app_end ] --END-- [ RunTime:0.001292s ]

[ 2017-05-20T23:50:56+08:00 ] 127.0.0.1 /PersonnelMS/admin.php?m=Admin&c=Login&a=%E7%99%BB%E9%99%86%E6%88%90%E5%8A%9F&%2FPersonnelMS%2Fadmin_php%3Fm=Admin&c=Index&a=index
INFO: [ app_init ] --START--
INFO: Run Behavior\BuildLiteBehavior [ RunTime:0.000017s ]
INFO: [ app_init ] --END-- [ RunTime:0.000508s ]
INFO: [ app_begin ] --START--
INFO: Run Behavior\ReadHtmlCacheBehavior [ RunTime:0.000760s ]
INFO: [ app_begin ] --END-- [ RunTime:0.000851s ]
INFO: [ view_parse ] --START--
INFO: [ template_filter ] --START--
INFO: Run Behavior\ContentReplaceBehavior [ RunTime:0.000071s ]
INFO: [ template_filter ] --END-- [ RunTime:0.000114s ]
INFO: Run Behavior\ParseTemplateBehavior [ RunTime:0.009271s ]
INFO: [ view_parse ] --END-- [ RunTime:0.009338s ]
INFO: [ view_filter ] --START--
INFO: Run Behavior\WriteHtmlCacheBehavior [ RunTime:0.000215s ]
INFO: [ view_filter ] --END-- [ RunTime:0.000247s ]
INFO: [ app_end ] --START--
INFO: Run Behavior\ShowPageTraceBehavior [ RunTime:0.000469s ]
INFO: [ app_end ] --END-- [ RunTime:0.000510s ]

[ 2017-05-20T23:50:59+08:00 ] 127.0.0.1 /PersonnelMS/admin.php?m=Admin&c=consumer&a=index
INFO: [ app_init ] --START--
INFO: Run Behavior\BuildLiteBehavior [ RunTime:0.000010s ]
INFO: [ app_init ] --END-- [ RunTime:0.000300s ]
INFO: [ app_begin ] --START--
INFO: Run Behavior\ReadHtmlCacheBehavior [ RunTime:0.000373s ]
INFO: [ app_begin ] --END-- [ RunTime:0.000412s ]
NOTIC: [8] Undefined variable: where E:\phpStudy\WWW\PersonnelMS\Application\Admin\Controller\ConsumerController.class.php 第 21 行.
SQL: SELECT COUNT(*) AS tp_count FROM `consumer` LIMIT 1   [ RunTime:0.1216s ]
NOTIC: [8] Undefined variable: where E:\phpStudy\WWW\PersonnelMS\Application\Admin\Controller\ConsumerController.class.php 第 24 行.
SQL: SELECT * FROM `consumer` ORDER BY id asc LIMIT 0,5   [ RunTime:0.0009s ]
INFO: [ view_parse ] --START--
NOTIC: [2] file_get_contents(./Application/Admin/View/Consumer/changePassword.html): failed to open stream: No such file or directory E:\phpStudy\WWW\PersonnelMS\ThinkPHP\Library\Think\Template.class.php 第 696 行.
INFO: [ template_filter ] --START--
INFO: Run Behavior\ContentReplaceBehavior [ RunTime:0.000379s ]
INFO: [ template_filter ] --END-- [ RunTime:0.000503s ]
NOTIC: [8] Undefined variable: delist E:\phpStudy\WWW\PersonnelMS\Application\Runtime\Cache\Admin\b7eb332c9b5d50550e847645fa66f8d2.php 第 239 行.
NOTIC: [8] Undefined variable: delist E:\phpStudy\WWW\PersonnelMS\Application\Runtime\Cache\Admin\b7eb332c9b5d50550e847645fa66f8d2.php 第 377 行.
INFO: Run Behavior\ParseTemplateBehavior [ RunTime:0.064228s ]
INFO: [ view_parse ] --END-- [ RunTime:0.064344s ]
INFO: [ view_filter ] --START--
INFO: Run Behavior\WriteHtmlCacheBehavior [ RunTime:0.000629s ]
INFO: [ view_filter ] --END-- [ RunTime:0.000722s ]
INFO: [ app_end ] --START--
INFO: Run Behavior\ShowPageTraceBehavior [ RunTime:0.001722s ]
INFO: [ app_end ] --END-- [ RunTime:0.001858s ]

[ 2017-05-20T23:51:01+08:00 ] 127.0.0.1 /PersonnelMS/admin.php?m=Admin&c=department&a=index
INFO: [ app_init ] --START--
INFO: Run Behavior\BuildLiteBehavior [ RunTime:0.000009s ]
INFO: [ app_init ] --END-- [ RunTime:0.000253s ]
INFO: [ app_begin ] --START--
INFO: Run Behavior\ReadHtmlCacheBehavior [ RunTime:0.000298s ]
INFO: [ app_begin ] --END-- [ RunTime:0.000331s ]
NOTIC: [8] Undefined variable: where E:\phpStudy\WWW\PersonnelMS\Application\Admin\Controller\DepartmentController.class.php 第 25 行.
SQL: SELECT COUNT(*) AS tp_count FROM `department` LIMIT 1   [ RunTime:0.0539s ]
NOTIC: [8] Undefined variable: where E:\phpStudy\WWW\PersonnelMS\Application\Admin\Controller\DepartmentController.class.php 第 28 行.
SQL: SELECT * FROM `department` ORDER BY id ASC LIMIT 0,5   [ RunTime:0.0007s ]
INFO: [ view_parse ] --START--
INFO: [ template_filter ] --START--
INFO: Run Behavior\ContentReplaceBehavior [ RunTime:0.000204s ]
INFO: [ template_filter ] --END-- [ RunTime:0.000290s ]
INFO: Run Behavior\ParseTemplateBehavior [ RunTime:0.060386s ]
INFO: [ view_parse ] --END-- [ RunTime:0.060473s ]
INFO: [ view_filter ] --START--
INFO: Run Behavior\WriteHtmlCacheBehavior [ RunTime:0.000487s ]
INFO: [ view_filter ] --END-- [ RunTime:0.000546s ]
INFO: [ app_end ] --START--
INFO: Run Behavior\ShowPageTraceBehavior [ RunTime:0.001316s ]
INFO: [ app_end ] --END-- [ RunTime:0.001435s ]

[ 2017-05-20T23:51:03+08:00 ] 127.0.0.1 /PersonnelMS/admin.php?m=Admin&c=salary&a=index
INFO: [ app_init ] --START--
INFO: Run Behavior\BuildLiteBehavior [ RunTime:0.000017s ]
INFO: [ app_init ] --END-- [ RunTime:0.000523s ]
INFO: [ app_begin ] --START--
INFO: Run Behavior\ReadHtmlCacheBehavior [ RunTime:0.000377s ]
INFO: [ app_begin ] --END-- [ RunTime:0.000418s ]
NOTIC: [8] Undefined variable: where E:\phpStudy\WWW\PersonnelMS\Application\Admin\Controller\SalaryController.class.php 第 19 行.
SQL: SELECT COUNT(*) AS tp_count FROM `consumer` LIMIT 1   [ RunTime:0.0007s ]
NOTIC: [8] Undefined variable: where E:\phpStudy\WWW\PersonnelMS\Application\Admin\Controller\SalaryController.class.php 第 22 行.
SQL: SELECT * FROM `consumer` ORDER BY id asc LIMIT 0,5   [ RunTime:0.0008s ]
INFO: [ view_parse ] --START--
INFO: [ template_filter ] --START--
INFO: Run Behavior\ContentReplaceBehavior [ RunTime:0.000333s ]
INFO: [ template_filter ] --END-- [ RunTime:0.000451s ]
NOTIC: [8] Undefined variable: delist E:\phpStudy\WWW\PersonnelMS\Application\Runtime\Cache\Admin\904036b3b4542d6a56cca4d1a178b5e4.php 第 213 行.
NOTIC: [8] Undefined variable: delist E:\phpStudy\WWW\PersonnelMS\Application\Runtime\Cache\Admin\904036b3b4542d6a56cca4d1a178b5e4.php 第 313 行.
INFO: Run Behavior\ParseTemplateBehavior [ RunTime:0.038287s ]
INFO: [ view_parse ] --END-- [ RunTime:0.038407s ]
INFO: [ view_filter ] --START--
INFO: Run Behavior\WriteHtmlCacheBehavior [ RunTime:0.000661s ]
INFO: [ view_filter ] --END-- [ RunTime:0.000752s ]
INFO: [ app_end ] --START--
INFO: Run Behavior\ShowPageTraceBehavior [ RunTime:0.001480s ]
INFO: [ app_end ] --END-- [ RunTime:0.001704s ]

[ 2017-05-20T23:51:05+08:00 ] 127.0.0.1 /PersonnelMS/admin.php?m=Admin&c=attendance&a=index
INFO: [ app_init ] --START--
INFO: Run Behavior\BuildLiteBehavior [ RunTime:0.000010s ]
INFO: [ app_init ] --END-- [ RunTime:0.000306s ]
INFO: [ app_begin ] --START--
INFO: Run Behavior\ReadHtmlCacheBehavior [ RunTime:0.000360s ]
INFO: [ app_begin ] --END-- [ RunTime:0.000401s ]
SQL: SELECT COUNT(*) AS tp_count FROM `attendance` WHERE `username` LIKE '%%' LIMIT 1   [ RunTime:0.0942s ]
SQL: SELECT * FROM `attendance` WHERE `username` LIKE '%%' ORDER BY id asc LIMIT 0,5   [ RunTime:0.0008s ]
INFO: [ view_parse ] --START--
INFO: [ template_filter ] --START--
INFO: Run Behavior\ContentReplaceBehavior [ RunTime:0.000137s ]
INFO: [ template_filter ] --END-- [ RunTime:0.000239s ]
INFO: Run Behavior\ParseTemplateBehavior [ RunTime:0.034356s ]
INFO: [ view_parse ] --END-- [ RunTime:0.034481s ]
INFO: [ view_filter ] --START--
INFO: Run Behavior\WriteHtmlCacheBehavior [ RunTime:0.000621s ]
INFO: [ view_filter ] --END-- [ RunTime:0.000710s ]
INFO: [ app_end ] --START--
INFO: Run Behavior\ShowPageTraceBehavior [ RunTime:0.000988s ]
INFO: [ app_end ] --END-- [ RunTime:0.001097s ]

[ 2017-05-20T23:51:06+08:00 ] 127.0.0.1 /PersonnelMS/admin.php?m=Admin&c=leave&a=index
INFO: [ app_init ] --START--
INFO: Run Behavior\BuildLiteBehavior [ RunTime:0.000011s ]
INFO: [ app_init ] --END-- [ RunTime:0.000295s ]
INFO: [ app_begin ] --START--
INFO: Run Behavior\ReadHtmlCacheBehavior [ RunTime:0.000368s ]
INFO: [ app_begin ] --END-- [ RunTime:0.000410s ]
NOTIC: [8] Undefined variable: where E:\phpStudy\WWW\PersonnelMS\Application\Admin\Controller\LeaveController.class.php 第 24 行.
SQL: SELECT COUNT(*) AS tp_count FROM `leave` LIMIT 1   [ RunTime:0.0390s ]
NOTIC: [8] Undefined variable: where E:\phpStudy\WWW\PersonnelMS\Application\Admin\Controller\LeaveController.class.php 第 27 行.
SQL: SELECT * FROM `leave` ORDER BY id ASC LIMIT 0,5   [ RunTime:0.0010s ]
INFO: [ view_parse ] --START--
INFO: [ template_filter ] --START--
INFO: Run Behavior\ContentReplaceBehavior [ RunTime:0.000206s ]
INFO: [ template_filter ] --END-- [ RunTime:0.000324s ]
INFO: Run Behavior\ParseTemplateBehavior [ RunTime:0.026540s ]
INFO: [ view_parse ] --END-- [ RunTime:0.026667s ]
INFO: [ view_filter ] --START--
INFO: Run Behavior\WriteHtmlCacheBehavior [ RunTime:0.000638s ]
INFO: [ view_filter ] --END-- [ RunTime:0.000733s ]
INFO: [ app_end ] --START--
INFO: Run Behavior\ShowPageTraceBehavior [ RunTime:0.002263s ]
INFO: [ app_end ] --END-- [ RunTime:0.002733s ]

[ 2017-05-20T23:51:08+08:00 ] 127.0.0.1 /PersonnelMS/admin.php?m=Admin&c=manager&a=index
INFO: [ app_init ] --START--
INFO: Run Behavior\BuildLiteBehavior [ RunTime:0.000011s ]
INFO: [ app_init ] --END-- [ RunTime:0.000320s ]
INFO: [ app_begin ] --START--
INFO: Run Behavior\ReadHtmlCacheBehavior [ RunTime:0.000367s ]
INFO: [ app_begin ] --END-- [ RunTime:0.000409s ]
NOTIC: [8] Undefined variable: where E:\phpStudy\WWW\PersonnelMS\Application\Admin\Controller\ManagerController.class.php 第 23 行.
SQL: SELECT COUNT(*) AS tp_count FROM `manager` LIMIT 1   [ RunTime:0.0006s ]
NOTIC: [8] Undefined variable: where E:\phpStudy\WWW\PersonnelMS\Application\Admin\Controller\ManagerController.class.php 第 26 行.
SQL: SELECT * FROM `manager` ORDER BY id asc LIMIT 0,5   [ RunTime:0.0007s ]
INFO: [ view_parse ] --START--
INFO: [ template_filter ] --START--
INFO: Run Behavior\ContentReplaceBehavior [ RunTime:0.000146s ]
INFO: [ template_filter ] --END-- [ RunTime:0.000211s ]
INFO: Run Behavior\ParseTemplateBehavior [ RunTime:0.038279s ]
INFO: [ view_parse ] --END-- [ RunTime:0.038368s ]
INFO: [ view_filter ] --START--
INFO: Run Behavior\WriteHtmlCacheBehavior [ RunTime:0.000346s ]
INFO: [ view_filter ] --END-- [ RunTime:0.000390s ]
INFO: [ app_end ] --START--
INFO: Run Behavior\ShowPageTraceBehavior [ RunTime:0.000786s ]
INFO: [ app_end ] --END-- [ RunTime:0.000860s ]

