[ 2017-05-19T09:16:17+08:00 ] 127.0.0.1 /PersonnelMS/admin.php/Login/index
INFO: [ app_init ] --START--
INFO: Run Behavior\BuildLiteBehavior [ RunTime:0.000009s ]
INFO: [ app_init ] --END-- [ RunTime:0.000337s ]
INFO: [ app_begin ] --START--
INFO: Run Behavior\ReadHtmlCacheBehavior [ RunTime:0.000452s ]
INFO: [ app_begin ] --END-- [ RunTime:0.000490s ]
INFO: [ view_parse ] --START--
INFO: [ template_filter ] --START--
INFO: Run Behavior\ContentReplaceBehavior [ RunTime:0.000050s ]
INFO: [ template_filter ] --END-- [ RunTime:0.000090s ]
INFO: Run Behavior\ParseTemplateBehavior [ RunTime:0.011106s ]
INFO: [ view_parse ] --END-- [ RunTime:0.011140s ]
INFO: [ view_filter ] --START--
INFO: Run Behavior\WriteHtmlCacheBehavior [ RunTime:0.000246s ]
INFO: [ view_filter ] --END-- [ RunTime:0.000270s ]
INFO: [ app_end ] --START--
INFO: Run Behavior\ShowPageTraceBehavior [ RunTime:0.000411s ]
INFO: [ app_end ] --END-- [ RunTime:0.000439s ]

[ 2017-05-19T09:16:17+08:00 ] 127.0.0.1 /PersonnelMS/admin.php?m=Admin&c=login&a=verify
INFO: [ app_init ] --START--
INFO: Run Behavior\BuildLiteBehavior [ RunTime:0.000018s ]
INFO: [ app_init ] --END-- [ RunTime:0.000279s ]
INFO: [ app_begin ] --START--
INFO: Run Behavior\ReadHtmlCacheBehavior [ RunTime:0.000332s ]
INFO: [ app_begin ] --END-- [ RunTime:0.000369s ]
INFO: [ app_end ] --START--
INFO: Run Behavior\ShowPageTraceBehavior [ RunTime:0.000442s ]
INFO: [ app_end ] --END-- [ RunTime:0.000505s ]

[ 2017-05-19T09:16:28+08:00 ] 127.0.0.1 /PersonnelMS/admin.php?m=Admin&c=login&a=verify&random=767
INFO: [ app_init ] --START--
INFO: Run Behavior\BuildLiteBehavior [ RunTime:0.000019s ]
INFO: [ app_init ] --END-- [ RunTime:0.000369s ]
INFO: [ app_begin ] --START--
INFO: Run Behavior\ReadHtmlCacheBehavior [ RunTime:0.000522s ]
INFO: [ app_begin ] --END-- [ RunTime:0.000597s ]
INFO: [ app_end ] --START--
INFO: Run Behavior\ShowPageTraceBehavior [ RunTime:0.000405s ]
INFO: [ app_end ] --END-- [ RunTime:0.000455s ]

[ 2017-05-19T09:16:30+08:00 ] 127.0.0.1 /PersonnelMS/admin.php?m=Admin&c=login&a=verify&random=232
INFO: [ app_init ] --START--
INFO: Run Behavior\BuildLiteBehavior [ RunTime:0.000009s ]
INFO: [ app_init ] --END-- [ RunTime:0.000300s ]
INFO: [ app_begin ] --START--
INFO: Run Behavior\ReadHtmlCacheBehavior [ RunTime:0.000357s ]
INFO: [ app_begin ] --END-- [ RunTime:0.000397s ]
INFO: [ app_end ] --START--
INFO: Run Behavior\ShowPageTraceBehavior [ RunTime:0.000477s ]
INFO: [ app_end ] --END-- [ RunTime:0.000529s ]

[ 2017-05-19T09:16:32+08:00 ] 127.0.0.1 /PersonnelMS/admin.php?m=Admin&c=login&a=verify&random=131
INFO: [ app_init ] --START--
INFO: Run Behavior\BuildLiteBehavior [ RunTime:0.000011s ]
INFO: [ app_init ] --END-- [ RunTime:0.000306s ]
INFO: [ app_begin ] --START--
INFO: Run Behavior\ReadHtmlCacheBehavior [ RunTime:0.000375s ]
INFO: [ app_begin ] --END-- [ RunTime:0.000417s ]
INFO: [ app_end ] --START--
INFO: Run Behavior\ShowPageTraceBehavior [ RunTime:0.000448s ]
INFO: [ app_end ] --END-- [ RunTime:0.000496s ]

[ 2017-05-19T09:16:39+08:00 ] 127.0.0.1 /PersonnelMS/admin.php?m=Admin&c=login&a=login
INFO: [ app_init ] --START--
INFO: Run Behavior\BuildLiteBehavior [ RunTime:0.000011s ]
INFO: [ app_init ] --END-- [ RunTime:0.000321s ]
INFO: [ app_begin ] --START--
INFO: Run Behavior\ReadHtmlCacheBehavior [ RunTime:0.000423s ]
INFO: [ app_begin ] --END-- [ RunTime:0.000499s ]
SQL: SELECT * FROM `manager` WHERE ( username = 'admin' and password= 'admin' ) LIMIT 1   [ RunTime:0.0322s ]
SQL: UPDATE `manager` SET `update_at`='1495156599',`login_ip`='127.0.0.1' WHERE `id` = 1 [ RunTime:0.0353s ]

[ 2017-05-19T09:16:40+08:00 ] 127.0.0.1 /PersonnelMS/admin.php?m=Admin&c=login&a=login
INFO: [ app_init ] --START--
INFO: Run Behavior\BuildLiteBehavior [ RunTime:0.000008s ]
INFO: [ app_init ] --END-- [ RunTime:0.000329s ]
INFO: [ app_begin ] --START--
INFO: Run Behavior\ReadHtmlCacheBehavior [ RunTime:0.000397s ]
INFO: [ app_begin ] --END-- [ RunTime:0.000435s ]
SQL: SELECT * FROM `manager` WHERE ( username = 'admin' and password= 'admin' ) LIMIT 1   [ RunTime:0.0010s ]
SQL: UPDATE `manager` SET `update_at`='1495156600',`login_ip`='127.0.0.1' WHERE `id` = 1 [ RunTime:0.0779s ]

[ 2017-05-19T09:16:40+08:00 ] 127.0.0.1 /PersonnelMS/admin.php?m=Admin&c=Login&a=%E7%99%BB%E9%99%86%E6%88%90%E5%8A%9F&%2FPersonnelMS%2Fadmin_php%3Fm=Admin&c=Index&a=index
INFO: [ app_init ] --START--
INFO: Run Behavior\BuildLiteBehavior [ RunTime:0.000009s ]
INFO: [ app_init ] --END-- [ RunTime:0.000262s ]
INFO: [ app_begin ] --START--
INFO: Run Behavior\ReadHtmlCacheBehavior [ RunTime:0.000335s ]
INFO: [ app_begin ] --END-- [ RunTime:0.000366s ]
INFO: [ view_parse ] --START--
INFO: [ template_filter ] --START--
INFO: Run Behavior\ContentReplaceBehavior [ RunTime:0.000534s ]
INFO: [ template_filter ] --END-- [ RunTime:0.000766s ]
INFO: Run Behavior\ParseTemplateBehavior [ RunTime:0.032696s ]
INFO: [ view_parse ] --END-- [ RunTime:0.032914s ]
INFO: [ view_filter ] --START--
INFO: Run Behavior\WriteHtmlCacheBehavior [ RunTime:0.000480s ]
INFO: [ view_filter ] --END-- [ RunTime:0.000551s ]
INFO: [ app_end ] --START--
INFO: Run Behavior\ShowPageTraceBehavior [ RunTime:0.001683s ]
INFO: [ app_end ] --END-- [ RunTime:0.001808s ]

[ 2017-05-19T09:16:40+08:00 ] 127.0.0.1 /PersonnelMS/admin.php?m=Admin&c=Login&a=%E7%99%BB%E9%99%86%E6%88%90%E5%8A%9F&%2FPersonnelMS%2Fadmin_php%3Fm=Admin&c=Index&a=index
INFO: [ app_init ] --START--
INFO: Run Behavior\BuildLiteBehavior [ RunTime:0.000016s ]
INFO: [ app_init ] --END-- [ RunTime:0.000489s ]
INFO: [ app_begin ] --START--
INFO: Run Behavior\ReadHtmlCacheBehavior [ RunTime:0.000601s ]
INFO: [ app_begin ] --END-- [ RunTime:0.000677s ]
INFO: [ view_parse ] --START--
INFO: [ template_filter ] --START--
INFO: Run Behavior\ContentReplaceBehavior [ RunTime:0.000056s ]
INFO: [ template_filter ] --END-- [ RunTime:0.000091s ]
INFO: Run Behavior\ParseTemplateBehavior [ RunTime:0.006999s ]
INFO: [ view_parse ] --END-- [ RunTime:0.007087s ]
INFO: [ view_filter ] --START--
INFO: Run Behavior\WriteHtmlCacheBehavior [ RunTime:0.000170s ]
INFO: [ view_filter ] --END-- [ RunTime:0.000192s ]
INFO: [ app_end ] --START--
INFO: Run Behavior\ShowPageTraceBehavior [ RunTime:0.000351s ]
INFO: [ app_end ] --END-- [ RunTime:0.000383s ]

[ 2017-05-19T09:16:43+08:00 ] 127.0.0.1 /PersonnelMS/admin.php?m=Admin&c=consumer&a=index
INFO: [ app_init ] --START--
INFO: Run Behavior\BuildLiteBehavior [ RunTime:0.000011s ]
INFO: [ app_init ] --END-- [ RunTime:0.000309s ]
INFO: [ app_begin ] --START--
INFO: Run Behavior\ReadHtmlCacheBehavior [ RunTime:0.000367s ]
INFO: [ app_begin ] --END-- [ RunTime:0.000407s ]
NOTIC: [8] Undefined variable: where E:\phpStudy\WWW\PersonnelMS\Application\Admin\Controller\ConsumerController.class.php 第 21 行.
SQL: SELECT COUNT(*) AS tp_count FROM `consumer` LIMIT 1   [ RunTime:0.0293s ]
NOTIC: [8] Undefined variable: where E:\phpStudy\WWW\PersonnelMS\Application\Admin\Controller\ConsumerController.class.php 第 24 行.
SQL: SELECT * FROM `consumer` ORDER BY id asc LIMIT 0,5   [ RunTime:0.0009s ]
INFO: [ view_parse ] --START--
NOTIC: [2] file_get_contents(./Application/Admin/View/Consumer/changePassword.html): failed to open stream: No such file or directory E:\phpStudy\WWW\PersonnelMS\ThinkPHP\Library\Think\Template.class.php 第 696 行.
INFO: [ template_filter ] --START--
INFO: Run Behavior\ContentReplaceBehavior [ RunTime:0.000465s ]
INFO: [ template_filter ] --END-- [ RunTime:0.000634s ]
NOTIC: [8] Undefined variable: delist E:\phpStudy\WWW\PersonnelMS\Application\Runtime\Cache\Admin\b7eb332c9b5d50550e847645fa66f8d2.php 第 239 行.
NOTIC: [8] Undefined variable: delist E:\phpStudy\WWW\PersonnelMS\Application\Runtime\Cache\Admin\b7eb332c9b5d50550e847645fa66f8d2.php 第 377 行.
INFO: Run Behavior\ParseTemplateBehavior [ RunTime:0.041908s ]
INFO: [ view_parse ] --END-- [ RunTime:0.042022s ]
INFO: [ view_filter ] --START--
INFO: Run Behavior\WriteHtmlCacheBehavior [ RunTime:0.000676s ]
INFO: [ view_filter ] --END-- [ RunTime:0.000767s ]
INFO: [ app_end ] --START--
INFO: Run Behavior\ShowPageTraceBehavior [ RunTime:0.001674s ]
INFO: [ app_end ] --END-- [ RunTime:0.001847s ]

[ 2017-05-19T09:16:46+08:00 ] 127.0.0.1 /PersonnelMS/admin.php?m=Admin&c=Consumer&a=index&m=Admin&p=2
INFO: [ app_init ] --START--
INFO: Run Behavior\BuildLiteBehavior [ RunTime:0.000011s ]
INFO: [ app_init ] --END-- [ RunTime:0.000322s ]
INFO: [ app_begin ] --START--
INFO: Run Behavior\ReadHtmlCacheBehavior [ RunTime:0.000375s ]
INFO: [ app_begin ] --END-- [ RunTime:0.000416s ]
NOTIC: [8] Undefined variable: where E:\phpStudy\WWW\PersonnelMS\Application\Admin\Controller\ConsumerController.class.php 第 21 行.
SQL: SELECT COUNT(*) AS tp_count FROM `consumer` LIMIT 1   [ RunTime:0.0007s ]
NOTIC: [8] Undefined variable: where E:\phpStudy\WWW\PersonnelMS\Application\Admin\Controller\ConsumerController.class.php 第 24 行.
SQL: SELECT * FROM `consumer` ORDER BY id asc LIMIT 5,5   [ RunTime:0.0008s ]
INFO: [ view_parse ] --START--
NOTIC: [2] file_get_contents(./Application/Admin/View/Consumer/changePassword.html): failed to open stream: No such file or directory E:\phpStudy\WWW\PersonnelMS\ThinkPHP\Library\Think\Template.class.php 第 696 行.
INFO: [ template_filter ] --START--
INFO: Run Behavior\ContentReplaceBehavior [ RunTime:0.000237s ]
INFO: [ template_filter ] --END-- [ RunTime:0.000309s ]
NOTIC: [8] Undefined variable: delist E:\phpStudy\WWW\PersonnelMS\Application\Runtime\Cache\Admin\b7eb332c9b5d50550e847645fa66f8d2.php 第 239 行.
NOTIC: [8] Undefined variable: delist E:\phpStudy\WWW\PersonnelMS\Application\Runtime\Cache\Admin\b7eb332c9b5d50550e847645fa66f8d2.php 第 377 行.
INFO: Run Behavior\ParseTemplateBehavior [ RunTime:0.028865s ]
INFO: [ view_parse ] --END-- [ RunTime:0.028951s ]
INFO: [ view_filter ] --START--
INFO: Run Behavior\WriteHtmlCacheBehavior [ RunTime:0.000394s ]
INFO: [ view_filter ] --END-- [ RunTime:0.000447s ]
INFO: [ app_end ] --START--
INFO: Run Behavior\ShowPageTraceBehavior [ RunTime:0.000924s ]
INFO: [ app_end ] --END-- [ RunTime:0.001023s ]

